Using pre-set license
Built from '2020.3/staging' branch; Version is '2020.3.40f1 (ba48d4efcef1) revision 12208340'; Using compiler version '192528614'; Build Type 'Release'
OS: 'Windows 10  (10.0.19045) 64bit Core' Language: 'en' Physical Memory: 16256 MB
BatchMode: 1, IsHumanControllingUs: 0, StartBugReporterOnCrash: 0, Is64bit: 1, IsPro: 0

COMMAND LINE ARGUMENTS:
C:\Program Files\Unity\Hub\Editor\2020.3.40f1\Editor\Unity.exe
-adb2
-batchMode
-noUpm
-name
AssetImportWorker0
-projectPath
C:/Users/Edvin/OneDrive/Desktop/BaxterCrowdSim/UnityBaxterIndoorCrowdSimulation/BaxterSimulation
-logFile
Logs/AssetImportWorker0.log
-srvPort
53842
Successfully changed project path to: C:/Users/Edvin/OneDrive/Desktop/BaxterCrowdSim/UnityBaxterIndoorCrowdSimulation/BaxterSimulation
C:/Users/Edvin/OneDrive/Desktop/BaxterCrowdSim/UnityBaxterIndoorCrowdSimulation/BaxterSimulation
Using Asset Import Pipeline V2.
Refreshing native plugins compatible for Editor in 49.28 ms, found 2 plugins.
Preloading 0 native plugins for Editor in 0.00 ms.
Initialize engine version: 2020.3.40f1 (ba48d4efcef1)
[Subsystems] Discovering subsystems at path C:/Program Files/Unity/Hub/Editor/2020.3.40f1/Editor/Data/Resources/UnitySubsystems
[Subsystems] Discovering subsystems at path C:/Users/Edvin/OneDrive/Desktop/BaxterCrowdSim/UnityBaxterIndoorCrowdSimulation/BaxterSimulation/Assets
GfxDevice: creating device client; threaded=0
Direct3D:
    Version:  Direct3D 11.0 [level 11.1]
    Renderer: NVIDIA GeForce GTX 1060 (ID=0x1c20)
    Vendor:   
    VRAM:     6043 MB
    Driver:   31.0.15.2849
Initialize mono
Mono path[0] = 'C:/Program Files/Unity/Hub/Editor/2020.3.40f1/Editor/Data/Managed'
Mono path[1] = 'C:/Program Files/Unity/Hub/Editor/2020.3.40f1/Editor/Data/MonoBleedingEdge/lib/mono/unityjit'
Mono config path = 'C:/Program Files/Unity/Hub/Editor/2020.3.40f1/Editor/Data/MonoBleedingEdge/etc'
Using monoOptions --debugger-agent=transport=dt_socket,embedding=1,server=y,suspend=n,address=127.0.0.1:56568
Begin MonoManager ReloadAssembly
Registering precompiled unity dll's ...
Register platform support module: C:/Program Files/Unity/Hub/Editor/2020.3.40f1/Editor/Data/PlaybackEngines/WebGLSupport/UnityEditor.WebGL.Extensions.dll
Register platform support module: C:/Program Files/Unity/Hub/Editor/2020.3.40f1/Editor/Data/PlaybackEngines/WindowsStandaloneSupport/UnityEditor.WindowsStandalone.Extensions.dll
Registered in 0.049813 seconds.
Native extension for WindowsStandalone target not found
Native extension for WebGL target not found
Refreshing native plugins compatible for Editor in 68.18 ms, found 2 plugins.
Preloading 0 native plugins for Editor in 0.00 ms.
Mono: successfully reloaded assembly
- Completed reload, in  1.358 seconds
Domain Reload Profiling:
	ReloadAssembly (1360ms)
		BeginReloadAssembly (129ms)
			ExecutionOrderSort (0ms)
			DisableScriptedObjects (0ms)
			BackupInstance (0ms)
			ReleaseScriptingObjects (0ms)
			CreateAndSetChildDomain (2ms)
		EndReloadAssembly (875ms)
			LoadAssemblies (121ms)
			RebuildTransferFunctionScriptingTraits (0ms)
			SetupTypeCache (357ms)
			ReleaseScriptCaches (0ms)
			RebuildScriptCaches (76ms)
			SetupLoadedEditorAssemblies (232ms)
				LogAssemblyErrors (0ms)
				InitializePlatformSupportModulesInManaged (16ms)
				SetLoadedEditorAssemblies (1ms)
				RefreshPlugins (69ms)
				BeforeProcessingInitializeOnLoad (19ms)
				ProcessInitializeOnLoadAttributes (92ms)
				ProcessInitializeOnLoadMethodAttributes (35ms)
				AfterProcessingInitializeOnLoad (0ms)
				EditorAssembliesLoaded (0ms)
			ExecutionOrderSort2 (0ms)
			AwakeInstancesAfterBackupRestoration (0ms)
Platform modules already initialized, skipping
Registering precompiled user dll's ...
Registered in 0.008275 seconds.
Begin MonoManager ReloadAssembly
Native extension for WindowsStandalone target not found
Native extension for WebGL target not found
Refreshing native plugins compatible for Editor in 0.37 ms, found 2 plugins.
Preloading 0 native plugins for Editor in 0.00 ms.
Mono: successfully reloaded assembly
- Completed reload, in  1.287 seconds
Domain Reload Profiling:
	ReloadAssembly (1301ms)
		BeginReloadAssembly (202ms)
			ExecutionOrderSort (0ms)
			DisableScriptedObjects (5ms)
			BackupInstance (0ms)
			ReleaseScriptingObjects (0ms)
			CreateAndSetChildDomain (25ms)
		EndReloadAssembly (1012ms)
			LoadAssemblies (133ms)
			RebuildTransferFunctionScriptingTraits (0ms)
			SetupTypeCache (329ms)
			ReleaseScriptCaches (1ms)
			RebuildScriptCaches (55ms)
			SetupLoadedEditorAssemblies (386ms)
				LogAssemblyErrors (0ms)
				InitializePlatformSupportModulesInManaged (8ms)
				SetLoadedEditorAssemblies (1ms)
				RefreshPlugins (1ms)
				BeforeProcessingInitializeOnLoad (96ms)
				ProcessInitializeOnLoadAttributes (240ms)
				ProcessInitializeOnLoadMethodAttributes (23ms)
				AfterProcessingInitializeOnLoad (17ms)
				EditorAssembliesLoaded (0ms)
			ExecutionOrderSort2 (0ms)
			AwakeInstancesAfterBackupRestoration (3ms)
Platform modules already initialized, skipping
========================================================================
Worker process is ready to serve import requests
Launched and connected shader compiler UnityShaderCompiler.exe after 0.08 seconds
Refreshing native plugins compatible for Editor in 0.32 ms, found 2 plugins.
Preloading 0 native plugins for Editor in 0.00 ms.
Unloading 1527 Unused Serialized files (Serialized files now loaded: 0)
System memory in use before: 69.9 MB.
System memory in use after: 69.9 MB.

Unloading 17 unused Assets to reduce memory usage. Loaded Objects now: 1964.
Total: 2.985900 ms (FindLiveObjects: 0.148400 ms CreateObjectMapping: 0.050900 ms MarkObjects: 2.690100 ms  DeleteObjects: 0.095400 ms)

AssetImportParameters requested are different than current active one (requested -> active):
  custom:framework-win-MediaFoundation: 216162199b28c13a410421893ffa2e32 -> 
  custom:video-decoder-ogg-theora: a1e56fd34408186e4bbccfd4996cb3dc -> 
  custom:container-muxer-webm: aa71ff27fc2769a1b78a27578f13a17b -> 
  custom:container-demuxer-webm: 4f35f7cbe854078d1ac9338744f61a02 -> 
  custom:container-demuxer-ogg: 62fdf1f143b41e24485cea50d1cbac27 -> 
  custom:video-encoder-webm-vp8: eb34c28f22e8b96e1ab97ce403110664 -> 
  custom:video-codec-MediaFoundation-h265: 746d11721c4dcdbdad8f713fa42b33f4 -> 
  custom:video-decoder-webm-vp8: 9c59270c3fd7afecdb556c50c9e8de78 -> 
  custom:audio-decoder-ogg-vorbis: bf7c407c2cedff20999df2af8eb42d56 -> 
  custom:audio-encoder-webm-vorbis: bf7c407c2cedff20999df2af8eb42d56 -> 
========================================================================
Received Import Request.
  path: Assets/Drawings/G-014.jpg
  artifactKey: Guid(7e7cc6d5a8585254385fd0fdf225a146) Importer(815301076,1909f56bfc062723c751e8b465ee728b)
Start importing Assets/Drawings/G-014.jpg using Guid(7e7cc6d5a8585254385fd0fdf225a146) Importer(815301076,1909f56bfc062723c751e8b465ee728b)  -> (artifact id: '06bd26f82a369069c75657e051572245') in 0.138183 seconds 
========================================================================
Received Import Request.
  Time since last request: 0.000944 seconds.
  path: Assets/Drawings/G-011.jpg
  artifactKey: Guid(916c15bd41d9b8143828d41318c14130) Importer(815301076,1909f56bfc062723c751e8b465ee728b)
Start importing Assets/Drawings/G-011.jpg using Guid(916c15bd41d9b8143828d41318c14130) Importer(815301076,1909f56bfc062723c751e8b465ee728b)  -> (artifact id: '890db6d6335c75e454badf2f3f294d45') in 0.038281 seconds 
========================================================================
Received Import Request.
  Time since last request: 0.001321 seconds.
  path: Assets/Drawings/G-012.jpg
  artifactKey: Guid(cf23891785eb43a469523bce321e5a96) Importer(815301076,1909f56bfc062723c751e8b465ee728b)
Start importing Assets/Drawings/G-012.jpg using Guid(cf23891785eb43a469523bce321e5a96) Importer(815301076,1909f56bfc062723c751e8b465ee728b)  -> (artifact id: '132622801b6f9e5ccca8a90ebc7163ef') in 0.028584 seconds 
========================================================================
Received Import Request.
  Time since last request: 5.533731 seconds.
  path: Assets/Scenes
  artifactKey: Guid(6ea315d0fd7389c41b19996891e99ae3) Importer(815301076,1909f56bfc062723c751e8b465ee728b)
Start importing Assets/Scenes using Guid(6ea315d0fd7389c41b19996891e99ae3) Importer(815301076,1909f56bfc062723c751e8b465ee728b)  -> (artifact id: 'fd21fa7a6c7995562054ace971d31a84') in 0.014924 seconds 
========================================================================
Received Import Request.
  Time since last request: 16.560609 seconds.
  path: Assets/Scenes/Edvin.unity
  artifactKey: Guid(e61fa85ec759a8e4796a9b59df331a5c) Importer(815301076,1909f56bfc062723c751e8b465ee728b)
Start importing Assets/Scenes/Edvin.unity using Guid(e61fa85ec759a8e4796a9b59df331a5c) Importer(815301076,1909f56bfc062723c751e8b465ee728b)  -> (artifact id: '0f5f81710d0b33d5170258fe10e18fb6') in 0.006177 seconds 
========================================================================
Received Import Request.
  Time since last request: 96.307865 seconds.
  path: Assets/Drawings/G-011.jpg
  artifactKey: Guid(916c15bd41d9b8143828d41318c14130) Importer(815301076,1909f56bfc062723c751e8b465ee728b)
Start importing Assets/Drawings/G-011.jpg using Guid(916c15bd41d9b8143828d41318c14130) Importer(815301076,1909f56bfc062723c751e8b465ee728b)  -> (artifact id: '6728970ecdc4d5f6b53359fcf2ff222e') in 0.078502 seconds 
========================================================================
Received Import Request.
  Time since last request: 2.517511 seconds.
  path: Assets/Drawings/G-011.jpg
  artifactKey: Guid(916c15bd41d9b8143828d41318c14130) Importer(815301076,1909f56bfc062723c751e8b465ee728b)
Start importing Assets/Drawings/G-011.jpg using Guid(916c15bd41d9b8143828d41318c14130) Importer(815301076,1909f56bfc062723c751e8b465ee728b)  -> (artifact id: '62b9f4331e3a693b1e3a34418d8869d3') in 0.080250 seconds 
========================================================================
Received Import Request.
  Time since last request: 22.941190 seconds.
  path: Assets/Drawings/G-012.jpg
  artifactKey: Guid(cf23891785eb43a469523bce321e5a96) Importer(815301076,1909f56bfc062723c751e8b465ee728b)
Start importing Assets/Drawings/G-012.jpg using Guid(cf23891785eb43a469523bce321e5a96) Importer(815301076,1909f56bfc062723c751e8b465ee728b)  -> (artifact id: 'c0a4dabf71b8acaaa3292fcf0e48c1ee') in 0.039968 seconds 
========================================================================
Received Import Request.
  Time since last request: 8.020486 seconds.
  path: Assets/Drawings/G-014.jpg
  artifactKey: Guid(7e7cc6d5a8585254385fd0fdf225a146) Importer(815301076,1909f56bfc062723c751e8b465ee728b)
Start importing Assets/Drawings/G-014.jpg using Guid(7e7cc6d5a8585254385fd0fdf225a146) Importer(815301076,1909f56bfc062723c751e8b465ee728b)  -> (artifact id: '56207ade8f4ca2a91f3756f42338d2cd') in 0.053458 seconds 
========================================================================
Received Import Request.
  Time since last request: 15.478452 seconds.
  path: Assets/Drawings/G-012.jpg
  artifactKey: Guid(cf23891785eb43a469523bce321e5a96) Importer(815301076,1909f56bfc062723c751e8b465ee728b)
Start importing Assets/Drawings/G-012.jpg using Guid(cf23891785eb43a469523bce321e5a96) Importer(815301076,1909f56bfc062723c751e8b465ee728b)  -> (artifact id: '78ac256bcfc07e06d3b1b3c9cc01a829') in 0.046362 seconds 
========================================================================
Received Import Request.
  Time since last request: 7.276465 seconds.
  path: Assets/Drawings/G-014.jpg
  artifactKey: Guid(7e7cc6d5a8585254385fd0fdf225a146) Importer(815301076,1909f56bfc062723c751e8b465ee728b)
Start importing Assets/Drawings/G-014.jpg using Guid(7e7cc6d5a8585254385fd0fdf225a146) Importer(815301076,1909f56bfc062723c751e8b465ee728b)  -> (artifact id: '8f87efed016e20922b23076e83ca6d8a') in 0.058013 seconds 
========================================================================
Received Import Request.
  Time since last request: 44.002688 seconds.
  path: Assets/Scenes/Flow.unity
  artifactKey: Guid(f0eb5c84034ae5543b684022ab0e94ba) Importer(815301076,1909f56bfc062723c751e8b465ee728b)
Start importing Assets/Scenes/Flow.unity using Guid(f0eb5c84034ae5543b684022ab0e94ba) Importer(815301076,1909f56bfc062723c751e8b465ee728b)  -> (artifact id: 'fb7e55f455498fd46343fb1ac1dd0faa') in 0.008130 seconds 
========================================================================
Received Import Request.
  Time since last request: 14.704021 seconds.
  path: Assets/Scenes/Edvin.unity
  artifactKey: Guid(e61fa85ec759a8e4796a9b59df331a5c) Importer(815301076,1909f56bfc062723c751e8b465ee728b)
Start importing Assets/Scenes/Edvin.unity using Guid(e61fa85ec759a8e4796a9b59df331a5c) Importer(815301076,1909f56bfc062723c751e8b465ee728b)  -> (artifact id: '8454b7951d0fd2b85357b5c8786f1e5e') in 0.005979 seconds 
========================================================================
Received Import Request.
  Time since last request: 76.425747 seconds.
  path: Assets/Scenes/Edvin.unity
  artifactKey: Guid(e61fa85ec759a8e4796a9b59df331a5c) Importer(815301076,1909f56bfc062723c751e8b465ee728b)
Start importing Assets/Scenes/Edvin.unity using Guid(e61fa85ec759a8e4796a9b59df331a5c) Importer(815301076,1909f56bfc062723c751e8b465ee728b)  -> (artifact id: 'c5e340681aeea481bce8575e6c58601d') in 0.006725 seconds 
========================================================================
Received Import Request.
  Time since last request: 149.084929 seconds.
  path: Assets/Scenes/Edvin.unity
  artifactKey: Guid(e61fa85ec759a8e4796a9b59df331a5c) Importer(815301076,1909f56bfc062723c751e8b465ee728b)
Start importing Assets/Scenes/Edvin.unity using Guid(e61fa85ec759a8e4796a9b59df331a5c) Importer(815301076,1909f56bfc062723c751e8b465ee728b)  -> (artifact id: '60c086c8378f5e2d136dbea11b43a284') in 0.006507 seconds 
========================================================================
Received Import Request.
  Time since last request: 217.271445 seconds.
  path: Assets/Scenes/Edvin.unity
  artifactKey: Guid(e61fa85ec759a8e4796a9b59df331a5c) Importer(815301076,1909f56bfc062723c751e8b465ee728b)
Start importing Assets/Scenes/Edvin.unity using Guid(e61fa85ec759a8e4796a9b59df331a5c) Importer(815301076,1909f56bfc062723c751e8b465ee728b)  -> (artifact id: '8f8608d80240467264a7b3176d3c9a19') in 0.008358 seconds 
========================================================================
Received Import Request.
  Time since last request: 3420.572844 seconds.
  path: Assets/Scenes/Edvin.unity
  artifactKey: Guid(e61fa85ec759a8e4796a9b59df331a5c) Importer(815301076,1909f56bfc062723c751e8b465ee728b)
Start importing Assets/Scenes/Edvin.unity using Guid(e61fa85ec759a8e4796a9b59df331a5c) Importer(815301076,1909f56bfc062723c751e8b465ee728b)  -> (artifact id: '402681a7a728c970fff4aac64b687002') in 0.008860 seconds 
AssetImportWorkerClient::OnTransportError - code=2 error=End of file
